[2026-01-13T03:18:32.137Z] [API] {
  "method": "SYSTEM",
  "path": "/startup",
  "statusCode": 200,
  "timestamp": "2026-01-13T03:18:32.137Z"
}
[2026-01-13T03:57:37.549Z] [API] {
  "method": "SYSTEM",
  "path": "/startup",
  "statusCode": 200,
  "timestamp": "2026-01-13T03:57:37.549Z"
}
[2026-01-13T03:59:14.111Z] [API] {
  "method": "SYSTEM",
  "path": "/startup",
  "statusCode": 200,
  "timestamp": "2026-01-13T03:59:14.111Z"
}
[2026-01-13T04:09:06.347Z] [API] {
  "method": "SYSTEM",
  "path": "/startup",
  "statusCode": 200,
  "timestamp": "2026-01-13T04:09:06.347Z"
}
[2026-01-13T04:16:23.551Z] [API] {
  "method": "SYSTEM",
  "path": "/startup",
  "statusCode": 200,
  "timestamp": "2026-01-13T04:16:23.551Z"
}
[2026-01-13T04:18:32.038Z] [API] {
  "method": "SYSTEM",
  "path": "/startup",
  "statusCode": 200,
  "timestamp": "2026-01-13T04:18:32.038Z"
}
