[2026-01-13T03:18:32.136Z] [AUTH] {
  "username": "system",
  "action": "login",
  "ipAddress": "127.0.0.1",
  "timestamp": "2026-01-13T03:18:32.136Z"
}
[2026-01-13T03:57:37.549Z] [AUTH] {
  "username": "system",
  "action": "login",
  "ipAddress": "127.0.0.1",
  "timestamp": "2026-01-13T03:57:37.549Z"
}
[2026-01-13T03:59:14.111Z] [AUTH] {
  "username": "system",
  "action": "login",
  "ipAddress": "127.0.0.1",
  "timestamp": "2026-01-13T03:59:14.111Z"
}
[2026-01-13T04:09:06.347Z] [AUTH] {
  "username": "system",
  "action": "login",
  "ipAddress": "127.0.0.1",
  "timestamp": "2026-01-13T04:09:06.347Z"
}
[2026-01-13T04:16:23.551Z] [AUTH] {
  "username": "system",
  "action": "login",
  "ipAddress": "127.0.0.1",
  "timestamp": "2026-01-13T04:16:23.551Z"
}
[2026-01-13T04:18:32.038Z] [AUTH] {
  "username": "system",
  "action": "login",
  "ipAddress": "127.0.0.1",
  "timestamp": "2026-01-13T04:18:32.038Z"
}
