[2026-01-07T07:30:58.351Z] [AUTH] {
  "username": "system",
  "action": "login",
  "ipAddress": "127.0.0.1",
  "timestamp": "2026-01-07T07:30:58.351Z"
}
[2026-01-07T07:59:21.011Z] [AUTH] {
  "username": "system",
  "action": "login",
  "ipAddress": "127.0.0.1",
  "timestamp": "2026-01-07T07:59:21.011Z"
}
[2026-01-07T08:00:05.054Z] [AUTH] {
  "username": "system",
  "action": "login",
  "ipAddress": "127.0.0.1",
  "timestamp": "2026-01-07T08:00:05.054Z"
}
[2026-01-07T08:05:48.581Z] [AUTH] {
  "username": "system",
  "action": "login",
  "ipAddress": "127.0.0.1",
  "timestamp": "2026-01-07T08:05:48.581Z"
}
[2026-01-07T08:09:49.356Z] [AUTH] {
  "username": "system",
  "action": "login",
  "ipAddress": "127.0.0.1",
  "timestamp": "2026-01-07T08:09:49.356Z"
}
[2026-01-07T09:37:16.411Z] [AUTH] {
  "username": "system",
  "action": "login",
  "ipAddress": "127.0.0.1",
  "timestamp": "2026-01-07T09:37:16.411Z"
}
