[2026-01-09T06:32:10.463Z] [DATABASE] {
  "type": "migration",
  "status": "completed",
  "details": "Server startup logging test",
  "timestamp": "2026-01-09T06:32:10.463Z"
}
[2026-01-09T06:33:24.844Z] [DATABASE] {
  "type": "migration",
  "status": "completed",
  "details": "Server startup logging test",
  "timestamp": "2026-01-09T06:33:24.844Z"
}
[2026-01-09T06:42:45.805Z] [DATABASE] {
  "type": "migration",
  "status": "completed",
  "details": "Server startup logging test",
  "timestamp": "2026-01-09T06:42:45.805Z"
}
[2026-01-09T06:49:51.864Z] [DATABASE] {
  "type": "migration",
  "status": "completed",
  "details": "Server startup logging test",
  "timestamp": "2026-01-09T06:49:51.863Z"
}
[2026-01-09T08:50:51.532Z] [DATABASE] {
  "type": "migration",
  "status": "completed",
  "details": "Server startup logging test",
  "timestamp": "2026-01-09T08:50:51.532Z"
}
[2026-01-09T10:39:09.768Z] [DATABASE] {
  "type": "migration",
  "status": "completed",
  "details": "Server startup logging test",
  "timestamp": "2026-01-09T10:39:09.768Z"
}
[2026-01-09T10:43:33.155Z] [DATABASE] {
  "type": "migration",
  "status": "completed",
  "details": "Server startup logging test",
  "timestamp": "2026-01-09T10:43:33.155Z"
}
[2026-01-09T10:43:48.595Z] [DATABASE] {
  "type": "migration",
  "status": "completed",
  "details": "Server startup logging test",
  "timestamp": "2026-01-09T10:43:48.595Z"
}
[2026-01-09T10:46:37.147Z] [DATABASE] {
  "type": "migration",
  "status": "completed",
  "details": "Server startup logging test",
  "timestamp": "2026-01-09T10:46:37.147Z"
}
