[2026-01-16T08:16:02.932Z] [DATABASE] {
  "type": "migration",
  "status": "completed",
  "details": "Server startup logging test",
  "timestamp": "2026-01-16T08:16:02.932Z"
}
[2026-01-16T08:24:00.103Z] [DATABASE] {
  "type": "migration",
  "status": "completed",
  "details": "Server startup logging test",
  "timestamp": "2026-01-16T08:24:00.103Z"
}
[2026-01-16T08:24:02.391Z] [DATABASE] {
  "type": "migration",
  "status": "completed",
  "details": "Server startup logging test",
  "timestamp": "2026-01-16T08:24:02.391Z"
}
[2026-01-16T08:37:42.654Z] [DATABASE] {
  "type": "migration",
  "status": "completed",
  "details": "Server startup logging test",
  "timestamp": "2026-01-16T08:37:42.654Z"
}
[2026-01-16T08:40:19.712Z] [DATABASE] {
  "type": "migration",
  "status": "completed",
  "details": "Server startup logging test",
  "timestamp": "2026-01-16T08:40:19.712Z"
}
[2026-01-16T08:45:48.213Z] [DATABASE] {
  "type": "migration",
  "status": "completed",
  "details": "Server startup logging test",
  "timestamp": "2026-01-16T08:45:48.213Z"
}
[2026-01-16T08:47:22.186Z] [DATABASE] {
  "type": "migration",
  "status": "completed",
  "details": "Server startup logging test",
  "timestamp": "2026-01-16T08:47:22.186Z"
}
[2026-01-16T08:55:59.178Z] [DATABASE] {
  "type": "migration",
  "status": "completed",
  "details": "Server startup logging test",
  "timestamp": "2026-01-16T08:55:59.178Z"
}
[2026-01-16T08:58:50.517Z] [DATABASE] {
  "type": "migration",
  "status": "completed",
  "details": "Server startup logging test",
  "timestamp": "2026-01-16T08:58:50.517Z"
}
[2026-01-16T09:03:52.286Z] [DATABASE] {
  "type": "migration",
  "status": "completed",
  "details": "Server startup logging test",
  "timestamp": "2026-01-16T09:03:52.286Z"
}
[2026-01-16T09:06:48.202Z] [DATABASE] {
  "type": "migration",
  "status": "completed",
  "details": "Server startup logging test",
  "timestamp": "2026-01-16T09:06:48.202Z"
}
[2026-01-16T09:19:53.421Z] [DATABASE] {
  "type": "migration",
  "status": "completed",
  "details": "Server startup logging test",
  "timestamp": "2026-01-16T09:19:53.421Z"
}
[2026-01-16T10:00:38.367Z] [DATABASE] {
  "type": "migration",
  "status": "completed",
  "details": "Server startup logging test",
  "timestamp": "2026-01-16T10:00:38.367Z"
}
[2026-01-16T12:01:34.364Z] [DATABASE] {
  "type": "migration",
  "status": "completed",
  "details": "Server startup logging test",
  "timestamp": "2026-01-16T12:01:34.364Z"
}
[2026-01-16T12:03:34.246Z] [DATABASE] {
  "type": "migration",
  "status": "completed",
  "details": "Server startup logging test",
  "timestamp": "2026-01-16T12:03:34.246Z"
}
[2026-01-16T12:26:54.515Z] [DATABASE] {
  "type": "migration",
  "status": "completed",
  "details": "Server startup logging test",
  "timestamp": "2026-01-16T12:26:54.515Z"
}
