[2026-01-07T07:30:58.350Z] [DATABASE] {
  "type": "migration",
  "status": "completed",
  "details": "Server startup logging test",
  "timestamp": "2026-01-07T07:30:58.350Z"
}
[2026-01-07T07:59:21.011Z] [DATABASE] {
  "type": "migration",
  "status": "completed",
  "details": "Server startup logging test",
  "timestamp": "2026-01-07T07:59:21.011Z"
}
[2026-01-07T08:00:05.054Z] [DATABASE] {
  "type": "migration",
  "status": "completed",
  "details": "Server startup logging test",
  "timestamp": "2026-01-07T08:00:05.054Z"
}
[2026-01-07T08:05:48.581Z] [DATABASE] {
  "type": "migration",
  "status": "completed",
  "details": "Server startup logging test",
  "timestamp": "2026-01-07T08:05:48.581Z"
}
[2026-01-07T08:09:49.356Z] [DATABASE] {
  "type": "migration",
  "status": "completed",
  "details": "Server startup logging test",
  "timestamp": "2026-01-07T08:09:49.356Z"
}
[2026-01-07T09:37:16.411Z] [DATABASE] {
  "type": "migration",
  "status": "completed",
  "details": "Server startup logging test",
  "timestamp": "2026-01-07T09:37:16.411Z"
}
