[2026-01-13T03:18:32.136Z] [DATABASE] {
  "type": "migration",
  "status": "completed",
  "details": "Server startup logging test",
  "timestamp": "2026-01-13T03:18:32.136Z"
}
[2026-01-13T03:57:37.549Z] [DATABASE] {
  "type": "migration",
  "status": "completed",
  "details": "Server startup logging test",
  "timestamp": "2026-01-13T03:57:37.548Z"
}
[2026-01-13T03:59:14.111Z] [DATABASE] {
  "type": "migration",
  "status": "completed",
  "details": "Server startup logging test",
  "timestamp": "2026-01-13T03:59:14.111Z"
}
[2026-01-13T04:09:06.347Z] [DATABASE] {
  "type": "migration",
  "status": "completed",
  "details": "Server startup logging test",
  "timestamp": "2026-01-13T04:09:06.347Z"
}
[2026-01-13T04:16:23.551Z] [DATABASE] {
  "type": "migration",
  "status": "completed",
  "details": "Server startup logging test",
  "timestamp": "2026-01-13T04:16:23.551Z"
}
[2026-01-13T04:18:32.038Z] [DATABASE] {
  "type": "migration",
  "status": "completed",
  "details": "Server startup logging test",
  "timestamp": "2026-01-13T04:18:32.038Z"
}
