[2026-01-19T02:43:23.786Z] [ALERT] {
  "level": "info",
  "message": "Server started successfully",
  "details": {
    "port": 5000
  },
  "timestamp": "2026-01-19T02:43:23.786Z"
}
[2026-01-19T03:05:04.692Z] [ALERT] {
  "level": "info",
  "message": "Server started successfully",
  "details": {
    "port": 5000
  },
  "timestamp": "2026-01-19T03:05:04.692Z"
}
[2026-01-19T03:20:09.668Z] [ALERT] {
  "level": "info",
  "message": "Server started successfully",
  "details": {
    "port": 5000
  },
  "timestamp": "2026-01-19T03:20:09.668Z"
}
