[2026-01-13T03:18:32.136Z] [ALERT] {
  "level": "info",
  "message": "Server started successfully",
  "details": {
    "port": 5000
  },
  "timestamp": "2026-01-13T03:18:32.136Z"
}
[2026-01-13T03:57:37.549Z] [ALERT] {
  "level": "info",
  "message": "Server started successfully",
  "details": {
    "port": 5000
  },
  "timestamp": "2026-01-13T03:57:37.549Z"
}
[2026-01-13T03:59:14.111Z] [ALERT] {
  "level": "info",
  "message": "Server started successfully",
  "details": {
    "port": 5000
  },
  "timestamp": "2026-01-13T03:59:14.111Z"
}
[2026-01-13T04:09:06.347Z] [ALERT] {
  "level": "info",
  "message": "Server started successfully",
  "details": {
    "port": 5000
  },
  "timestamp": "2026-01-13T04:09:06.347Z"
}
[2026-01-13T04:16:23.551Z] [ALERT] {
  "level": "info",
  "message": "Server started successfully",
  "details": {
    "port": 5000
  },
  "timestamp": "2026-01-13T04:16:23.551Z"
}
[2026-01-13T04:18:32.038Z] [ALERT] {
  "level": "info",
  "message": "Server started successfully",
  "details": {
    "port": 5000
  },
  "timestamp": "2026-01-13T04:18:32.038Z"
}
