[2026-01-07T07:30:58.351Z] [ALERT] {
  "level": "info",
  "message": "Server started successfully",
  "details": {
    "port": 5000
  },
  "timestamp": "2026-01-07T07:30:58.351Z"
}
[2026-01-07T07:59:21.011Z] [ALERT] {
  "level": "info",
  "message": "Server started successfully",
  "details": {
    "port": 5000
  },
  "timestamp": "2026-01-07T07:59:21.011Z"
}
[2026-01-07T08:00:05.054Z] [ALERT] {
  "level": "info",
  "message": "Server started successfully",
  "details": {
    "port": 5000
  },
  "timestamp": "2026-01-07T08:00:05.054Z"
}
[2026-01-07T08:05:48.581Z] [ALERT] {
  "level": "info",
  "message": "Server started successfully",
  "details": {
    "port": 5000
  },
  "timestamp": "2026-01-07T08:05:48.581Z"
}
[2026-01-07T08:09:49.356Z] [ALERT] {
  "level": "info",
  "message": "Server started successfully",
  "details": {
    "port": 5000
  },
  "timestamp": "2026-01-07T08:09:49.356Z"
}
[2026-01-07T09:37:16.411Z] [ALERT] {
  "level": "info",
  "message": "Server started successfully",
  "details": {
    "port": 5000
  },
  "timestamp": "2026-01-07T09:37:16.411Z"
}
