[2025-11-03T07:07:13.780Z] [ALERT] {
  "level": "info",
  "message": "Server started successfully",
  "details": {
    "port": 5000
  },
  "timestamp": "2025-11-03T07:07:13.780Z"
}
[2025-11-03T07:44:40.102Z] [ALERT] {
  "level": "info",
  "message": "Server started successfully",
  "details": {
    "port": 5000
  },
  "timestamp": "2025-11-03T07:44:40.102Z"
}
[2025-11-03T07:46:23.894Z] [ALERT] {
  "level": "info",
  "message": "Server started successfully",
  "details": {
    "port": 5000
  },
  "timestamp": "2025-11-03T07:46:23.894Z"
}
