[2026-01-09T06:32:10.463Z] [ALERT] {
  "level": "info",
  "message": "Server started successfully",
  "details": {
    "port": 5000
  },
  "timestamp": "2026-01-09T06:32:10.463Z"
}
[2026-01-09T06:33:24.845Z] [ALERT] {
  "level": "info",
  "message": "Server started successfully",
  "details": {
    "port": 5000
  },
  "timestamp": "2026-01-09T06:33:24.845Z"
}
[2026-01-09T06:42:45.805Z] [ALERT] {
  "level": "info",
  "message": "Server started successfully",
  "details": {
    "port": 5000
  },
  "timestamp": "2026-01-09T06:42:45.805Z"
}
[2026-01-09T06:49:51.864Z] [ALERT] {
  "level": "info",
  "message": "Server started successfully",
  "details": {
    "port": 5000
  },
  "timestamp": "2026-01-09T06:49:51.864Z"
}
[2026-01-09T08:50:51.532Z] [ALERT] {
  "level": "info",
  "message": "Server started successfully",
  "details": {
    "port": 5000
  },
  "timestamp": "2026-01-09T08:50:51.532Z"
}
[2026-01-09T10:39:09.768Z] [ALERT] {
  "level": "info",
  "message": "Server started successfully",
  "details": {
    "port": 5000
  },
  "timestamp": "2026-01-09T10:39:09.768Z"
}
[2026-01-09T10:43:33.156Z] [ALERT] {
  "level": "info",
  "message": "Server started successfully",
  "details": {
    "port": 5000
  },
  "timestamp": "2026-01-09T10:43:33.156Z"
}
[2026-01-09T10:43:48.595Z] [ALERT] {
  "level": "info",
  "message": "Server started successfully",
  "details": {
    "port": 5000
  },
  "timestamp": "2026-01-09T10:43:48.595Z"
}
[2026-01-09T10:46:37.147Z] [ALERT] {
  "level": "info",
  "message": "Server started successfully",
  "details": {
    "port": 5000
  },
  "timestamp": "2026-01-09T10:46:37.147Z"
}
