[2026-01-13T03:18:32.136Z] [USER_ACTIVITY] {
  "action": "server_started",
  "details": "Application initialized successfully",
  "timestamp": "2026-01-13T03:18:32.136Z"
}
[2026-01-13T03:57:37.549Z] [USER_ACTIVITY] {
  "action": "server_started",
  "details": "Application initialized successfully",
  "timestamp": "2026-01-13T03:57:37.549Z"
}
[2026-01-13T03:59:14.111Z] [USER_ACTIVITY] {
  "action": "server_started",
  "details": "Application initialized successfully",
  "timestamp": "2026-01-13T03:59:14.111Z"
}
[2026-01-13T04:09:06.347Z] [USER_ACTIVITY] {
  "action": "server_started",
  "details": "Application initialized successfully",
  "timestamp": "2026-01-13T04:09:06.347Z"
}
[2026-01-13T04:16:23.551Z] [USER_ACTIVITY] {
  "action": "server_started",
  "details": "Application initialized successfully",
  "timestamp": "2026-01-13T04:16:23.551Z"
}
[2026-01-13T04:18:32.038Z] [USER_ACTIVITY] {
  "action": "server_started",
  "details": "Application initialized successfully",
  "timestamp": "2026-01-13T04:18:32.038Z"
}
