[2026-01-07T07:30:58.351Z] [USER_ACTIVITY] {
  "action": "server_started",
  "details": "Application initialized successfully",
  "timestamp": "2026-01-07T07:30:58.351Z"
}
[2026-01-07T07:59:21.011Z] [USER_ACTIVITY] {
  "action": "server_started",
  "details": "Application initialized successfully",
  "timestamp": "2026-01-07T07:59:21.011Z"
}
[2026-01-07T08:00:05.054Z] [USER_ACTIVITY] {
  "action": "server_started",
  "details": "Application initialized successfully",
  "timestamp": "2026-01-07T08:00:05.054Z"
}
[2026-01-07T08:05:48.581Z] [USER_ACTIVITY] {
  "action": "server_started",
  "details": "Application initialized successfully",
  "timestamp": "2026-01-07T08:05:48.581Z"
}
[2026-01-07T08:09:49.356Z] [USER_ACTIVITY] {
  "action": "server_started",
  "details": "Application initialized successfully",
  "timestamp": "2026-01-07T08:09:49.356Z"
}
[2026-01-07T09:37:16.411Z] [USER_ACTIVITY] {
  "action": "server_started",
  "details": "Application initialized successfully",
  "timestamp": "2026-01-07T09:37:16.411Z"
}
