[2026-01-09T06:32:10.463Z] [USER_ACTIVITY] {
  "action": "server_started",
  "details": "Application initialized successfully",
  "timestamp": "2026-01-09T06:32:10.463Z"
}
[2026-01-09T06:33:24.844Z] [USER_ACTIVITY] {
  "action": "server_started",
  "details": "Application initialized successfully",
  "timestamp": "2026-01-09T06:33:24.844Z"
}
[2026-01-09T06:42:45.805Z] [USER_ACTIVITY] {
  "action": "server_started",
  "details": "Application initialized successfully",
  "timestamp": "2026-01-09T06:42:45.805Z"
}
[2026-01-09T06:49:51.864Z] [USER_ACTIVITY] {
  "action": "server_started",
  "details": "Application initialized successfully",
  "timestamp": "2026-01-09T06:49:51.864Z"
}
[2026-01-09T08:50:51.532Z] [USER_ACTIVITY] {
  "action": "server_started",
  "details": "Application initialized successfully",
  "timestamp": "2026-01-09T08:50:51.532Z"
}
[2026-01-09T10:39:09.768Z] [USER_ACTIVITY] {
  "action": "server_started",
  "details": "Application initialized successfully",
  "timestamp": "2026-01-09T10:39:09.768Z"
}
[2026-01-09T10:43:33.155Z] [USER_ACTIVITY] {
  "action": "server_started",
  "details": "Application initialized successfully",
  "timestamp": "2026-01-09T10:43:33.155Z"
}
[2026-01-09T10:43:48.595Z] [USER_ACTIVITY] {
  "action": "server_started",
  "details": "Application initialized successfully",
  "timestamp": "2026-01-09T10:43:48.595Z"
}
[2026-01-09T10:46:37.147Z] [USER_ACTIVITY] {
  "action": "server_started",
  "details": "Application initialized successfully",
  "timestamp": "2026-01-09T10:46:37.147Z"
}
